This is pdfTeX, Version 3.141592653-2.6-1.40.26 (TeX Live 2024) (preloaded format=pdflatex 2024.5.10)  7 SEP 2024 12:38
entering extended mode
 restricted \write18 enabled.
 %&-line parsing enabled.
**grammar.tex
(./grammar.tex
LaTeX2e <2023-11-01> patch level 1
L3 programming layer <2024-02-20>
(/usr/local/texlive/2024basic/texmf-dist/tex/latex/base/letter.cls
Document Class: letter 2021/12/07 v1.3c Standard LaTeX document class
(/usr/local/texlive/2024basic/texmf-dist/tex/latex/base/size10.clo
File: size10.clo 2023/05/17 v1.4n Standard LaTeX file (size option)
)
\longindentation=\dimen140
\indentedwidth=\dimen141
\labelcount=\count188
)
(/usr/local/texlive/2024basic/texmf-dist/tex/latex/amsmath/amsmath.sty
Package: amsmath 2023/05/13 v2.17o AMS math features
\@mathmargin=\skip48

For additional information on amsmath, use the `?' option.
(/usr/local/texlive/2024basic/texmf-dist/tex/latex/amsmath/amstext.sty
Package: amstext 2021/08/26 v2.01 AMS text

(/usr/local/texlive/2024basic/texmf-dist/tex/latex/amsmath/amsgen.sty
File: amsgen.sty 1999/11/30 v2.0 generic functions
\@emptytoks=\toks17
\ex@=\dimen142
))
(/usr/local/texlive/2024basic/texmf-dist/tex/latex/amsmath/amsbsy.sty
Package: amsbsy 1999/11/29 v1.2d Bold Symbols
\pmbraise@=\dimen143
)
(/usr/local/texlive/2024basic/texmf-dist/tex/latex/amsmath/amsopn.sty
Package: amsopn 2022/04/08 v2.04 operator names
)
\inf@bad=\count189
LaTeX Info: Redefining \frac on input line 234.
\uproot@=\count190
\leftroot@=\count191
LaTeX Info: Redefining \overline on input line 399.
LaTeX Info: Redefining \colon on input line 410.
\classnum@=\count192
\DOTSCASE@=\count193
LaTeX Info: Redefining \ldots on input line 496.
LaTeX Info: Redefining \dots on input line 499.
LaTeX Info: Redefining \cdots on input line 620.
\Mathstrutbox@=\box51
\strutbox@=\box52
LaTeX Info: Redefining \big on input line 722.
LaTeX Info: Redefining \Big on input line 723.
LaTeX Info: Redefining \bigg on input line 724.
LaTeX Info: Redefining \Bigg on input line 725.
\big@size=\dimen144
LaTeX Font Info:    Redeclaring font encoding OML on input line 743.
LaTeX Font Info:    Redeclaring font encoding OMS on input line 744.
\macc@depth=\count194
LaTeX Info: Redefining \bmod on input line 905.
LaTeX Info: Redefining \pmod on input line 910.
LaTeX Info: Redefining \smash on input line 940.
LaTeX Info: Redefining \relbar on input line 970.
LaTeX Info: Redefining \Relbar on input line 971.
\c@MaxMatrixCols=\count195
\dotsspace@=\muskip16
\c@parentequation=\count196
\dspbrk@lvl=\count197
\tag@help=\toks18
\row@=\count198
\column@=\count199
\maxfields@=\count266
\andhelp@=\toks19
\eqnshift@=\dimen145
\alignsep@=\dimen146
\tagshift@=\dimen147
\tagwidth@=\dimen148
\totwidth@=\dimen149
\lineht@=\dimen150
\@envbody=\toks20
\multlinegap=\skip49
\multlinetaggap=\skip50
\mathdisplay@stack=\toks21
LaTeX Info: Redefining \[ on input line 2953.
LaTeX Info: Redefining \] on input line 2954.
)
(/usr/local/texlive/2024basic/texmf-dist/tex/latex/l3backend/l3backend-pdftex.d
ef
File: l3backend-pdftex.def 2024-02-20 L3 backend support: PDF output (pdfTeX)
\l__color_backend_stack_int=\count267
\l__pdf_internal_box=\box53
) (./grammar.aux)
\openout1 = `grammar.aux'.

LaTeX Font Info:    Checking defaults for OML/cmm/m/it on input line 5.
LaTeX Font Info:    ... okay on input line 5.
LaTeX Font Info:    Checking defaults for OMS/cmsy/m/n on input line 5.
LaTeX Font Info:    ... okay on input line 5.
LaTeX Font Info:    Checking defaults for OT1/cmr/m/n on input line 5.
LaTeX Font Info:    ... okay on input line 5.
LaTeX Font Info:    Checking defaults for T1/cmr/m/n on input line 5.
LaTeX Font Info:    ... okay on input line 5.
LaTeX Font Info:    Checking defaults for TS1/cmr/m/n on input line 5.
LaTeX Font Info:    ... okay on input line 5.
LaTeX Font Info:    Checking defaults for OMX/cmex/m/n on input line 5.
LaTeX Font Info:    ... okay on input line 5.
LaTeX Font Info:    Checking defaults for U/cmr/m/n on input line 5.
LaTeX Font Info:    ... okay on input line 5.

Runaway argument?
 
! Paragraph ended before \align was complete.
<to be read again> 
                   \par 
l.8 
    
? yes
Type <return> to proceed, S to scroll future error messages,
R to run without stopping, Q to run quietly,
I to insert something, E to edit your file,
1 or ... or 9 to ignore the next 1 to 9 tokens of input,
H for help, X to quit.
? 
! Missing $ inserted.
<inserted text> 
                $
l.8 
    
? 
! Missing \endgroup inserted.
<inserted text> 
                \endgroup 
l.8 
    
? 
! Missing \endgroup inserted.
<inserted text> 
                \endgroup 
l.8 
    
? 
! Display math should end with $$.
<to be read again> 
                   \tex_par:D 
l.8 
    
? 
! Misplaced alignment tab character &.
l.9     [\text{Prog}] &
                       \to [\text{Stmt}]^* \\
? 
! Missing $ inserted.
<inserted text> 
                $
l.9     [\text{Prog}] &\to
                           [\text{Stmt}]^* \\
? 
! Missing $ inserted.
<inserted text> 
                $
l.10 
     
? 

Underfull \hbox (badness 10000) in paragraph at lines 9--10

 []

! Misplaced alignment tab character &.
l.11     [\text{Stmt}] &
                        \to
? 
! Missing $ inserted.
<inserted text> 
                $
l.11     [\text{Stmt}] &\to
                           
? 
! Missing $ inserted.
<inserted text> 
                $
l.12 
     
? 
! Missing $ inserted.
<inserted text> 
                $
l.13     \begin{cases}
                      
? 
! Missing $ inserted.
<inserted text> 
                $
l.25     \end{cases}
                     \\
? 

Underfull \hbox (badness 10000) in paragraph at lines 13--26

 []

! Misplaced alignment tab character &.
l.27     \text{[Scope]} &
                         \to {[\text{Stmt}]^*} \\
? 
! Missing $ inserted.
<inserted text> 
                $
l.27     \text{[Scope]} &\to
                             {[\text{Stmt}]^*} \\
? 
! Missing $ inserted.
<inserted text> 
                $
l.28 
     
? 

Underfull \hbox (badness 10000) in paragraph at lines 27--28

 []

! Misplaced alignment tab character &.
l.29 \text{[IfPred]} &
                      \to
? 
! Missing $ inserted.
<inserted text> 
                $
l.29 \text{[IfPred]} &\to
                         
? 
! Missing $ inserted.
<inserted text> 
                $
l.30 
     
? 
! Missing $ inserted.
<inserted text> 
                $
l.31 \begin{cases}
                  
? 
! Missing $ inserted.
<inserted text> 
                $
l.39 \end{cases}
                 \\
? 

Underfull \hbox (badness 10000) in paragraph at lines 31--40

 []

! Misplaced alignment tab character &.
l.41 [\text{Expr}] &
                    \to
? 
! Missing $ inserted.
<inserted text> 
                $
l.41 [\text{Expr}] &\to
                       
? 
! Missing $ inserted.
<inserted text> 
                $
l.42 
     
? 
! Missing $ inserted.
<inserted text> 
                $
l.43 \begin{cases}
                  
? 
! Missing $ inserted.
<inserted text> 
                $
l.49 \end{cases}
                 \\
? 

Underfull \hbox (badness 10000) in paragraph at lines 43--50

 []

! Misplaced alignment tab character &.
l.51 [\text{BinExpr}] &
                       \to
? 
! Missing $ inserted.
<inserted text> 
                $
l.51 [\text{BinExpr}] &\to
                          
? 
! Missing $ inserted.
<inserted text> 
                $
l.52 
     
? 
! Missing $ inserted.
<inserted text> 
                $
l.53 \begin{cases}
                  
? 
! Missing $ inserted.
<inserted text> 
                $
l.63 \end{cases}
                 \\
? 

Underfull \hbox (badness 10000) in paragraph at lines 53--64

 []

! Misplaced alignment tab character &.
l.65 [\text{Term}] &
                    \to
? 
! Missing $ inserted.
<inserted text> 
                $
l.65 [\text{Term}] &\to
                       
? 
! Missing $ inserted.
<inserted text> 
                $
l.66 
     
? 
! Missing $ inserted.
<inserted text> 
                $
l.67 \begin{cases}
                  
? 
! Missing $ inserted.
<inserted text> 
                $
l.69 \text{int_lit}
                    \\
? 
! Extra }, or forgotten $.
\textdef@ ...th {#1}\let \f@size #2\selectfont #3}
                                                  }
l.69 \text{int_lit}
                    \\
? 
! Extra }, or forgotten $.
\textdef@ ...h {#1}\let \f@size #2\selectfont #3}}
                                                  
l.69 \text{int_lit}
                    \\
? 
! Extra }, or forgotten $.
\text@ ...e {\textdef@ \displaystyle \f@size {#1}}
                                                  {\textdef@ \textstyle \f@s...
l.69 \text{int_lit}
                    \\
? 
! Missing $ inserted.
<inserted text> 
                $
l.69 \text{int_lit}
                    \\
? 
! Extra }, or forgotten $.
\textdef@ ...th {#1}\let \f@size #2\selectfont #3}
                                                  }
l.69 \text{int_lit}
                    \\
? 
! Extra }, or forgotten $.
\textdef@ ...h {#1}\let \f@size #2\selectfont #3}}
                                                  
l.69 \text{int_lit}
                    \\
? 
! Extra }, or forgotten $.
\text@ ...xtstyle \f@size {\firstchoice@false #1}}
                                                  {\textdef@ \textstyle \sf@...
l.69 \text{int_lit}
                    \\
? 
! Missing $ inserted.
<inserted text> 
                $
l.69 \text{int_lit}
                    \\
? 
! Extra }, or forgotten $.
\textdef@ ...th {#1}\let \f@size #2\selectfont #3}
                                                  }
l.69 \text{int_lit}
                    \\
? 
! Extra }, or forgotten $.
\textdef@ ...h {#1}\let \f@size #2\selectfont #3}}
                                                  
l.69 \text{int_lit}
                    \\
? 
! Extra }, or forgotten $.
\text@ ...tstyle \sf@size {\firstchoice@false #1}}
                                                  {\textdef@ \textstyle \ssf...
l.69 \text{int_lit}
                    \\
? 
! Missing $ inserted.
<inserted text> 
                $
l.69 \text{int_lit}
                    \\
? 
! Extra }, or forgotten $.
\textdef@ ...th {#1}\let \f@size #2\selectfont #3}
                                                  }
l.69 \text{int_lit}
                    \\
? 
! Extra }, or forgotten $.
\textdef@ ...h {#1}\let \f@size #2\selectfont #3}}
                                                  
l.69 \text{int_lit}
                    \\
? 
! Extra }, or forgotten $.
\text@ ...style \ssf@size {\firstchoice@false #1}}
                                                  \check@mathfonts }
l.69 \text{int_lit}
                    \\
? 
! Extra }, or forgotten $.
\text@ ...firstchoice@false #1}}\check@mathfonts }
                                                  
l.69 \text{int_lit}
                    \\
? 
! Misplaced \cr.
\reserved@b ->\ifnum 0=`{\fi }${}\cr 
                                     
l.69 \text{int_lit} \\
                      
? 
! Misplaced \cr.
\reserved@b ->\ifnum 0=`{\fi }${}\cr 
                                     
l.71 \text{ident} \\
                    
? 
! Misplaced \crcr.
\endarray ->\crcr 
                  \egroup \egroup 
l.75 \end{cases}
                
? 
! Extra }, or forgotten $.
\endarray ->\crcr \egroup 
                          \egroup 
l.75 \end{cases}
                
? 
! Extra }, or forgotten $.
\endarray ->\crcr \egroup \egroup 
                                  
l.75 \end{cases}
                
? 
! Extra \right.
\endcases ->\endarray \right .
                              
l.75 \end{cases}
                
? 
! Missing $ inserted.
<inserted text> 
                $
l.75 \end{cases}
                
? 
! Missing } inserted.
<inserted text> 
                }
l.75 \end{cases}
                
? 
! Missing } inserted.
<inserted text> 
                }
l.75 \end{cases}
                
? 
! Missing } inserted.
<inserted text> 
                }
l.75 \end{cases}
                
? 
! Missing $ inserted.
<inserted text> 
                $
l.75 \end{cases}
                
? 
! Missing } inserted.
<inserted text> 
                }
l.75 \end{cases}
                
? 
! Missing } inserted.
<inserted text> 
                }
l.75 \end{cases}
                
? 
! Missing } inserted.
<inserted text> 
                }
l.75 \end{cases}
                
? 
! Missing $ inserted.
<inserted text> 
                $
l.75 \end{cases}
                
? 
! Missing } inserted.
<inserted text> 
                }
l.75 \end{cases}
                
? 
! Missing } inserted.
<inserted text> 
                }
l.75 \end{cases}
                
? 
! Missing } inserted.
<inserted text> 
                }
l.75 \end{cases}
                
? 
! Missing $ inserted.
<inserted text> 
                $
l.75 \end{cases}
                
? 
! Missing } inserted.
<inserted text> 
                }
l.75 \end{cases}
                
? 
! Missing } inserted.
<inserted text> 
                }
l.75 \end{cases}
                
? 
! Missing } inserted.
<inserted text> 
                }
l.75 \end{cases}
                
? 
! Missing { inserted.
<to be read again> 
                   \endgroup 
l.75 \end{cases}
                
? 
! Missing } inserted.
<inserted text> 
                }
l.75 \end{cases}
                
? 
! Missing { inserted.
<to be read again> 
                   \endgroup 
l.75 \end{cases}
                
? 
! Missing } inserted.
<inserted text> 
                }
l.75 \end{cases}
                
? 
! Missing { inserted.
<to be read again> 
                   \endgroup 
l.75 \end{cases}
                
? 
! Missing } inserted.
<inserted text> 
                }
l.75 \end{cases}
                
? 
! Missing } inserted.
<inserted text> 
                }
l.75 \end{cases}
                
? 
! Missing $ inserted.
<inserted text> 
                $
l.75 \end{cases}
                
? 
! Missing } inserted.
<inserted text> 
                }
l.75 \end{cases}
                
? 
! Missing \cr inserted.
<inserted text> 
                \cr 
l.75 \end{cases}
                
? 
! Missing } inserted.
<inserted text> 
                }
l.75 \end{cases}
                
? 
! Missing \cr inserted.
<inserted text> 
                \cr 
l.75 \end{cases}
                
? 
! Missing } inserted.
<inserted text> 
                }
l.75 \end{cases}
                
? 
! Missing \cr inserted.
<inserted text> 
                \cr 
l.75 \end{cases}
                
? 
! Missing } inserted.
<inserted text> 
                }
l.75 \end{cases}
                
? 
! Missing \cr inserted.
<inserted text> 
                \cr 
l.75 \end{cases}
                
? 
! Missing } inserted.
<inserted text> 
                }
l.75 \end{cases}
                
? 
! Missing \cr inserted.
<inserted text> 
                \cr 
l.75 \end{cases}
                
? 
! Missing } inserted.
<inserted text> 
                }
l.75 \end{cases}
                
? 
! Missing \cr inserted.
<inserted text> 
                \cr 
l.75 \end{cases}
                
? 
! Missing } inserted.
<inserted text> 
                }
l.75 \end{cases}
                
? 
! Missing \cr inserted.
<inserted text> 
                \cr 
l.75 \end{cases}
                
? 
! Missing } inserted.
<inserted text> 
                }
l.75 \end{cases}
                
? 
! Missing \cr inserted.
<inserted text> 
                \cr 
l.75 \end{cases}
                
? 
! Missing } inserted.
<inserted text> 
                }
l.75 \end{cases}
                
? 
! Missing \cr inserted.
<inserted text> 
                \cr 
l.75 \end{cases}
                
? 
! Missing } inserted.
<inserted text> 
                }
l.75 \end{cases}
                
? 
! Missing \cr inserted.
<inserted text> 
                \cr 
l.75 \end{cases}
                
? 
! Missing } inserted.
<inserted text> 
                }
l.75 \end{cases}
                
? 
! Missing \cr inserted.
<inserted text> 
                \cr 
l.75 \end{cases}
                
? 
! Missing } inserted.
<inserted text> 
                }
l.75 \end{cases}
                
? 
! Missing \cr inserted.
<inserted text> 
                \cr 
l.75 \end{cases}
                
? 
! Missing } inserted.
<inserted text> 
                }
l.75 \end{cases}
                
? 
! Missing \cr inserted.
<inserted text> 
                \cr 
l.75 \end{cases}
                
? 
! Missing } inserted.
<inserted text> 
                }
l.75 \end{cases}
                
? 
! Missing \cr inserted.
<inserted text> 
                \cr 
l.75 \end{cases}
                
? 
! Missing } inserted.
<inserted text> 
                }
l.75 \end{cases}
                
? 
! Missing \cr inserted.
<inserted text> 
                \cr 
l.75 \end{cases}
                
? 
! Missing } inserted.
<inserted text> 
                }
l.75 \end{cases}
                
? 
! Missing \cr inserted.
<inserted text> 
                \cr 
l.75 \end{cases}
                
? 
! Missing } inserted.
<inserted text> 
                }
l.75 \end{cases}
                
? }
Type <return> to proceed, S to scroll future error messages,
R to run without stopping, Q to run quietly,
I to insert something, E to edit your file,
1 or ... or 9 to ignore the next 1 to 9 tokens of input,
H for help, X to quit.
? 
! Emergency stop.
<inserted text> 
                }
l.75 \end{cases}
                
End of file on the terminal!

 
Here is how much of TeX's memory you used:
 1067 strings out of 475567
 16526 string characters out of 5777889
 1929187 words of memory out of 5000000
 23285 multiletter control sequences out of 15000+600000
 558523 words of font info for 38 fonts, out of 8000000 for 9000
 319 hyphenation exceptions out of 8191
 56i,23n,65p,203b,204s stack positions out of 10000i,1000n,20000p,200000b,200000s
!  ==> Fatal error occurred, no output PDF file produced!
